<?xml version="1.0" encoding="UTF-8"?>
<!-- Generated by org.testng.reporters.JUnitReportReporter -->
<testsuite hostname="QSG" name="requirement.OneTrustAtlantTask" tests="1" failures="0" timestamp="14 Dec 2016 12:24:08 GMT" time="219.060" errors="0">
  <testcase name="FetchCurrentOpenings" time="219.060" classname="requirement.OneTrustAtlantTask"/>
</testsuite> <!-- requirement.OneTrustAtlantTask -->
